<?xml version="1.0" encoding="UTF-8"?>
<!-- Generated by org.testng.reporters.JUnitReportReporter -->
<testsuite hostname="LTIN179982" failures="0" tests="2" name="policybazaar.tests.HealthInsuranceTests" time="41.670" errors="0" timestamp="2024-03-27T11:34:38 IST" skipped="0">
  <testcase classname="policybazaar.tests.HealthInsuranceTests" name="validateHeathInsuranceMenu" time="36.092"/>
  <testcase classname="policybazaar.tests.HealthInsuranceTests" name="validateHeathInsuranceMenu" time="5.578"/>
</testsuite> <!-- policybazaar.tests.HealthInsuranceTests -->
