<?xml version="1.0" encoding="UTF-8"?>
<!-- Generated by org.testng.reporters.JUnitReportReporter -->
<testsuite hostname="LTIN179982" failures="0" tests="18" name="policybazaar.tests.CarInsuranceTests" time="66.369" errors="0" timestamp="2024-03-27T11:34:38 IST" skipped="0">
  <testcase classname="policybazaar.tests.CarInsuranceTests" name="navigateToCarInsurance" time="6.563"/>
  <testcase classname="policybazaar.tests.CarInsuranceTests" name="navigateToCarInsurance" time="6.634"/>
  <testcase classname="policybazaar.tests.CarInsuranceTests" name="searchWithoutCarNumber" time="0.452"/>
  <testcase classname="policybazaar.tests.CarInsuranceTests" name="searchWithoutCarNumber" time="0.581"/>
  <testcase classname="policybazaar.tests.CarInsuranceTests" name="searchWithInvalidCarNumber" time="0.343"/>
  <testcase classname="policybazaar.tests.CarInsuranceTests" name="searchWithInvalidCarNumber" time="0.369"/>
  <testcase classname="policybazaar.tests.CarInsuranceTests" name="searchWithValidCarNumber" time="10.477"/>
  <testcase classname="policybazaar.tests.CarInsuranceTests" name="searchWithValidCarNumber" time="10.584"/>
  <testcase classname="policybazaar.tests.CarInsuranceTests" name="searchWithoutUserDetails" time="0.982"/>
  <testcase classname="policybazaar.tests.CarInsuranceTests" name="searchWithoutUserDetails" time="0.724"/>
  <testcase classname="policybazaar.tests.CarInsuranceTests" name="searchWithInvalidName" time="1.065"/>
  <testcase classname="policybazaar.tests.CarInsuranceTests" name="searchWithInvalidName" time="1.006"/>
  <testcase classname="policybazaar.tests.CarInsuranceTests" name="searchWithInvalidEmail" time="1.358"/>
  <testcase classname="policybazaar.tests.CarInsuranceTests" name="searchWithInvalidEmail" time="1.056"/>
  <testcase classname="policybazaar.tests.CarInsuranceTests" name="searchWithInvalidNumber" time="1.071"/>
  <testcase classname="policybazaar.tests.CarInsuranceTests" name="searchWithInvalidNumber" time="1.035"/>
  <testcase classname="policybazaar.tests.CarInsuranceTests" name="searchWithValidDetails" time="10.971"/>
  <testcase classname="policybazaar.tests.CarInsuranceTests" name="searchWithValidDetails" time="11.098"/>
</testsuite> <!-- policybazaar.tests.CarInsuranceTests -->
