<?xml version="1.0" encoding="UTF-8"?>
<!-- Generated by org.testng.reporters.JUnitReportReporter -->
<testsuite hostname="LTIN179982" failures="0" tests="40" name="policybazaar.tests.TravelInsuranceTests" time="188.826" errors="0" timestamp="2024-03-27T11:34:38 IST" skipped="0">
  <testcase classname="policybazaar.tests.TravelInsuranceTests" name="navigateToTravelInsurance" time="7.132"/>
  <testcase classname="policybazaar.tests.TravelInsuranceTests" name="navigateToTravelInsurance" time="7.487"/>
  <testcase classname="policybazaar.tests.TravelInsuranceTests" name="searchWithoutSelectingCountry" time="0.415"/>
  <testcase classname="policybazaar.tests.TravelInsuranceTests" name="searchWithoutSelectingCountry" time="0.510"/>
  <testcase classname="policybazaar.tests.TravelInsuranceTests" name="validateSearchSuggestions" time="0.002"/>
  <testcase classname="policybazaar.tests.TravelInsuranceTests" name="validateSearchSuggestions" time="0.001"/>
  <testcase classname="policybazaar.tests.TravelInsuranceTests" name="validateCountrySelection" time="11.516"/>
  <testcase classname="policybazaar.tests.TravelInsuranceTests" name="validateCountrySelection" time="11.465"/>
  <testcase classname="policybazaar.tests.TravelInsuranceTests" name="validateRemovingCountrySelection" time="10.658"/>
  <testcase classname="policybazaar.tests.TravelInsuranceTests" name="validateRemovingCountrySelection" time="10.597"/>
  <testcase classname="policybazaar.tests.TravelInsuranceTests" name="validateCountrySearch" time="21.001"/>
  <testcase classname="policybazaar.tests.TravelInsuranceTests" name="validateCountrySearch" time="20.990"/>
  <testcase classname="policybazaar.tests.TravelInsuranceTests" name="searchWithoutDateSelection" time="0.282"/>
  <testcase classname="policybazaar.tests.TravelInsuranceTests" name="searchWithoutDateSelection" time="0.240"/>
  <testcase classname="policybazaar.tests.TravelInsuranceTests" name="selectInvalidStartDate" time="0.443"/>
  <testcase classname="policybazaar.tests.TravelInsuranceTests" name="selectInvalidStartDate" time="0.453"/>
  <testcase classname="policybazaar.tests.TravelInsuranceTests" name="searchWithValidDates" time="12.513"/>
  <testcase classname="policybazaar.tests.TravelInsuranceTests" name="searchWithValidDates" time="12.547"/>
  <testcase classname="policybazaar.tests.TravelInsuranceTests" name="validateTravellerNumberSelection" time="0.237"/>
  <testcase classname="policybazaar.tests.TravelInsuranceTests" name="validateTravellerNumberSelection" time="0.234"/>
  <testcase classname="policybazaar.tests.TravelInsuranceTests" name="searchWithoutTravellerAge" time="0.197"/>
  <testcase classname="policybazaar.tests.TravelInsuranceTests" name="searchWithoutTravellerAge" time="0.238"/>
  <testcase classname="policybazaar.tests.TravelInsuranceTests" name="searchWithTravellersAge" time="11.581"/>
  <testcase classname="policybazaar.tests.TravelInsuranceTests" name="searchWithTravellersAge" time="11.590"/>
  <testcase classname="policybazaar.tests.TravelInsuranceTests" name="searchWithoutMedicalConditionDetail" time="0.194"/>
  <testcase classname="policybazaar.tests.TravelInsuranceTests" name="searchWithoutMedicalConditionDetail" time="0.209"/>
  <testcase classname="policybazaar.tests.TravelInsuranceTests" name="searchWithMedicalConditionDetail" time="0.334"/>
  <testcase classname="policybazaar.tests.TravelInsuranceTests" name="searchWithMedicalConditionDetail" time="0.368"/>
  <testcase classname="policybazaar.tests.TravelInsuranceTests" name="searchWithoutPhoneNumber" time="0.232"/>
  <testcase classname="policybazaar.tests.TravelInsuranceTests" name="searchWithoutPhoneNumber" time="0.212"/>
  <testcase classname="policybazaar.tests.TravelInsuranceTests" name="searchWithInvalidPhoneNumber" time="0.514"/>
  <testcase classname="policybazaar.tests.TravelInsuranceTests" name="searchWithInvalidPhoneNumber" time="0.632"/>
  <testcase classname="policybazaar.tests.TravelInsuranceTests" name="searchWithValidPhoneNumber" time="10.619"/>
  <testcase classname="policybazaar.tests.TravelInsuranceTests" name="searchWithValidPhoneNumber" time="10.579"/>
  <testcase classname="policybazaar.tests.TravelInsuranceTests" name="validateStudentFilterWithoutPlanDetail" time="0.693"/>
  <testcase classname="policybazaar.tests.TravelInsuranceTests" name="validateStudentFilterWithoutPlanDetail" time="0.822"/>
  <testcase classname="policybazaar.tests.TravelInsuranceTests" name="validatePlanTypeDetailsSubmission" time="1.080"/>
  <testcase classname="policybazaar.tests.TravelInsuranceTests" name="validatePlanTypeDetailsSubmission" time="1.327"/>
  <testcase classname="policybazaar.tests.TravelInsuranceTests" name="validateSortingResults" time="3.593"/>
  <testcase classname="policybazaar.tests.TravelInsuranceTests" name="validateSortingResults" time="5.089"/>
</testsuite> <!-- policybazaar.tests.TravelInsuranceTests -->
